Log file open, 11/03/18 00:42:39
LogWindows: Failed to load 'aqProf.dll' (GetLastError=126)
LogWindows: File 'aqProf.dll' does not exist
LogWindows: Failed to load 'VSPerf140.dll' (GetLastError=126)
LogWindows: File 'VSPerf140.dll' does not exist
LogWindows: Failed to load 'VtuneApi.dll' (GetLastError=126)
LogWindows: File 'VtuneApi.dll' does not exist
LogWindows: Failed to load 'VtuneApi32e.dll' (GetLastError=126)
LogWindows: File 'VtuneApi32e.dll' does not exist
LogInit: Display: Running engine for game: BattleTank
LogPlatformFile: Not using cached read wrapper
LogTaskGraph: Started task graph with 5 named threads and 35 total threads with 3 sets of task threads.
LogStats: Stats thread started at 0.569853
LogD3D11RHI: Loaded GFSDK_Aftermath_Lib.x64.dll
LogICUInternationalization: Display: ICU TimeZone Detection - Raw Offset: -5:00, Platform Override: ''
LogPluginManager: Mounting plugin Paper2D
LogPluginManager: Mounting plugin AISupport
LogPluginManager: Mounting plugin LightPropagationVolume
LogPluginManager: Mounting plugin CLionSourceCodeAccess
LogPluginManager: Mounting plugin CodeLiteSourceCodeAccess
LogPluginManager: Mounting plugin GitSourceControl
LogPluginManager: Mounting plugin KDevelopSourceCodeAccess
LogPluginManager: Mounting plugin NullSourceCodeAccess
LogPluginManager: Mounting plugin PerforceSourceControl
LogPluginManager: Mounting plugin SubversionSourceControl
LogPluginManager: Mounting plugin UObjectPlugin
LogPluginManager: Mounting plugin VisualStudioCodeSourceCodeAccess
LogPluginManager: Mounting plugin VisualStudioSourceCodeAccess
LogPluginManager: Mounting plugin XCodeSourceCodeAccess
LogPluginManager: Mounting plugin AssetManagerEditor
LogPluginManager: Mounting plugin CryptoKeys
LogPluginManager: Mounting plugin DataValidation
LogPluginManager: Mounting plugin FacialAnimation
LogPluginManager: Mounting plugin GameplayTagsEditor
LogPluginManager: Mounting plugin MacGraphicsSwitching
LogPluginManager: Mounting plugin MeshEditor
LogPluginManager: Mounting plugin MobileLauncherProfileWizard
LogPluginManager: Mounting plugin PluginBrowser
LogPluginManager: Mounting plugin SpeedTreeImporter
LogPluginManager: Mounting plugin DatasmithContent
LogPluginManager: Mounting plugin AlembicImporter
LogPluginManager: Mounting plugin AppleImageUtils
LogPluginManager: Mounting plugin AppleVision
LogPluginManager: Mounting plugin BackChannel
LogPluginManager: Mounting plugin CharacterAI
LogPluginManager: Mounting plugin GeometryCache
LogPluginManager: Mounting plugin HTML5Networking
LogPluginManager: Mounting plugin ProxyLODPlugin
LogPluginManager: Mounting plugin MagicLeap
LogPluginManager: Mounting plugin MagicLeapEmulator
LogPluginManager: Mounting plugin MagicLeapMedia
LogPluginManager: Mounting plugin AndroidMedia
LogPluginManager: Mounting plugin AvfMedia
LogPluginManager: Mounting plugin ImgMedia
LogPluginManager: Mounting plugin LinearTimecode
LogPluginManager: Mounting plugin MediaCompositing
LogPluginManager: Mounting plugin MediaPlayerEditor
LogPluginManager: Mounting plugin WmfMedia
LogPluginManager: Mounting plugin TcpMessaging
LogPluginManager: Mounting plugin UdpMessaging
LogPluginManager: Mounting plugin ActorSequence
LogPluginManager: Mounting plugin LevelSequenceEditor
LogPluginManager: Mounting plugin MatineeToLevelSequence
LogPluginManager: Mounting plugin NetcodeUnitTest
LogPluginManager: Mounting plugin NUTUnrealEngine4
LogPluginManager: Mounting plugin OnlineSubsystemGooglePlay
LogPluginManager: Mounting plugin OnlineSubsystemIOS
LogPluginManager: Mounting plugin OnlineSubsystem
LogPluginManager: Mounting plugin OnlineSubsystemNull
LogPluginManager: Mounting plugin OnlineSubsystemUtils
LogPluginManager: Mounting plugin LauncherChunkInstaller
LogPluginManager: Mounting plugin AndroidDeviceProfileSelector
LogPluginManager: Mounting plugin AndroidMoviePlayer
LogPluginManager: Mounting plugin AndroidPermission
LogPluginManager: Mounting plugin AppleMoviePlayer
LogPluginManager: Mounting plugin ArchVisCharacter
LogPluginManager: Mounting plugin AudioCapture
LogPluginManager: Mounting plugin CableComponent
LogPluginManager: Mounting plugin CustomMeshComponent
LogPluginManager: Mounting plugin EditableMesh
LogPluginManager: Mounting plugin ExampleDeviceProfileSelector
LogPluginManager: Mounting plugin GoogleCloudMessaging
LogPluginManager: Mounting plugin ImmediatePhysics
LogPluginManager: Mounting plugin IOSDeviceProfileSelector
LogPluginManager: Mounting plugin LinuxDeviceProfileSelector
LogPluginManager: Mounting plugin LocationServicesBPLibrary
LogPluginManager: Mounting plugin MobilePatchingUtils
LogPluginManager: Mounting plugin OculusVR
LogPluginManager: Plugin shader directory ../../../Engine/Plugins/Runtime/Oculus/OculusVR/Shaders found
LogPluginManager: Mapping shader source directory ../../../Engine/Plugins/Runtime/Oculus/OculusVR/Shaders to virtual directory /Plugin/OculusVR
LogPluginManager: Mounting plugin PhysXVehicles
LogPluginManager: Mounting plugin ProceduralMeshComponent
LogPluginManager: Mounting plugin RuntimePhysXCooking
LogPluginManager: Mounting plugin SteamVR
LogPluginManager: Mounting plugin WindowsMoviePlayer
LogStreaming: Display: Took  0.692s to configure plugins.
LogInit: Using libcurl 7.55.1-DEV
LogInit:  - built for x86_64-pc-win32
LogInit:  - supports SSL with OpenSSL/1.0.2h
LogInit:  - supports HTTP deflate (compression) using libz 1.2.8
LogInit:  - other features:
LogInit:      CURL_VERSION_SSL
LogInit:      CURL_VERSION_LIBZ
LogInit:      CURL_VERSION_IPV6
LogInit:      CURL_VERSION_ASYNCHDNS
LogInit:      CURL_VERSION_LARGEFILE
LogInit:      CURL_VERSION_IDN
LogInit:  CurlRequestOptions (configurable via config and command line):
LogInit:  - bVerifyPeer = false  - Libcurl will NOT verify peer certificate
LogInit:  - bUseHttpProxy = false  - Libcurl will NOT use HTTP proxy
LogInit:  - bDontReuseConnections = false  - Libcurl will reuse connections
LogInit:  - CertBundlePath = nullptr  - Libcurl will use whatever was configured at build time.
LogInit:  - MaxHostConnections = 16  - Libcurl will limit the number of connections to a host
LogInit:  - LocalHostAddr = Default
LogInit:  - BufferSize = 65536
LogInit: WinSock: version 1.1 (2.2), MaxSocks=32767, MaxUdp=65467
LogInit: Build: ++UE4+Release-4.20-CL-4369336
LogInit: Engine Version: 4.20.3-4369336+++UE4+Release-4.20
LogInit: Compatible Engine Version: 4.20.0-4212847+++UE4+Release-4.20
LogInit: Net CL: 4212847
LogInit: OS: Windows 10 (), CPU: AMD Ryzen 5 2600 Six-Core Processor            , GPU: NVIDIA GeForce GTX 1060 6GB
LogInit: Compiled (64-bit): Sep 17 2018 12:26:19
LogInit: Compiled with Visual C++: 19.13.26129.00
LogInit: Build Configuration: Development
LogInit: Branch Name: ++UE4+Release-4.20
LogInit: Command Line: 
LogInit: Base Directory: C:/Program Files/Epic Games/UE_4.20/Engine/Binaries/Win64/
LogInit: Installed Engine Build: 1
LogDevObjectVersion: Number of dev versions registered: 20
LogDevObjectVersion:   Dev-Blueprints (B0D832E4-1F89-4F0D-ACCF-7EB736FD4AA2): 10
LogDevObjectVersion:   Dev-Build (E1C64328-A22C-4D53-A36C-8E866417BD8C): 0
LogDevObjectVersion:   Dev-Core (375EC13C-06E4-48FB-B500-84F0262A717E): 2
LogDevObjectVersion:   Dev-Editor (E4B068ED-F494-42E9-A231-DA0B2E46BB41): 24
LogDevObjectVersion:   Dev-Framework (CFFC743F-43B0-4480-9391-14DF171D2073): 34
LogDevObjectVersion:   Dev-Mobile (B02B49B5-BB20-44E9-A304-32B752E40360): 2
LogDevObjectVersion:   Dev-Networking (A4E4105C-59A1-49B5-A7C5-40C4547EDFEE): 0
LogDevObjectVersion:   Dev-Online (39C831C9-5AE6-47DC-9A44-9C173E1C8E7C): 0
LogDevObjectVersion:   Dev-Physics (78F01B33-EBEA-4F98-B9B4-84EACCB95AA2): 0
LogDevObjectVersion:   Dev-Platform (6631380F-2D4D-43E0-8009-CF276956A95A): 0
LogDevObjectVersion:   Dev-Rendering (12F88B9F-8875-4AFC-A67C-D90C383ABD29): 26
LogDevObjectVersion:   Dev-Sequencer (7B5AE74C-D270-4C10-A958-57980B212A5A): 9
LogDevObjectVersion:   Dev-VR (D7296918-1DD6-4BDD-9DE2-64A83CC13884): 2
LogDevObjectVersion:   Dev-LoadTimes (C2A15278-BFE7-4AFE-6C17-90FF531DF755): 1
LogDevObjectVersion:   Private-Geometry (6EACA3D4-40EC-4CC1-B786-8BED09428FC5): 3
LogDevObjectVersion:   Dev-AnimPhys (29E575DD-E0A3-4627-9D10-D276232CDCEA): 17
LogDevObjectVersion:   Dev-ReflectionCapture (6B266CEC-1EC7-4B8F-A30B-E4D90942FC07): 1
LogDevObjectVersion:   Dev-Automation (0DF73D61-A23F-47EA-B727-89E90C41499A): 1
LogDevObjectVersion:   FortniteMain (601D1886-AC64-4F84-AA16-D3DE0DEAC7D6): 12
LogDevObjectVersion:   Dev-Enterprise (9DFFBCD6-494F-0158-E221-12823C92A888): 1
LogStreaming: Display: Took  0.002s to delete old logs.
LogInit: Presizing for max 8388607 objects, including 0 objects not considered by GC, pre-allocating 0 bytes for permanent pool.
LogInit: Object subsystem initialized
[2018.11.03-05.42.40:649][  0]LogInit: Selected Device Profile: [Windows]
[2018.11.03-05.42.40:649][  0]LogInit: Applying CVar settings loaded from the selected device profile: [Windows]
[2018.11.03-05.42.40:696][  0]LogHAL: Display: Platform has ~ 8 GB [8515772416 / 8589934592 / 8], which maps to Default [LargestMinGB=32, LargerMinGB=12, DefaultMinGB=8, SmallerMinGB=6, SmallestMinGB=0)
[2018.11.03-05.42.40:696][  0]LogInit: Setting Device Profile CVar: [[r.Vulkan.UseRealUBs:1]]
[2018.11.03-05.42.40:696][  0]LogInit: Going up to parent DeviceProfile []
[2018.11.03-05.42.40:697][  0]LogInit: Computer: DESKTOP-PBR96RA
[2018.11.03-05.42.40:697][  0]LogInit: User: IAN
[2018.11.03-05.42.40:697][  0]LogInit: CPU Page size=4096, Cores=6
[2018.11.03-05.42.40:697][  0]LogInit: High frequency timer resolution =3.314081 MHz
[2018.11.03-05.42.40:698][  0]LogMemory: Memory total: Physical=7.9GB (8GB approx)
[2018.11.03-05.42.40:698][  0]LogMemory: Platform Memory Stats for Windows
[2018.11.03-05.42.40:698][  0]LogMemory: Process Physical Memory: 101.55 MB used, 101.55 MB peak
[2018.11.03-05.42.40:698][  0]LogMemory: Process Virtual Memory: 86.06 MB used, 86.06 MB peak
[2018.11.03-05.42.40:698][  0]LogMemory: Physical Memory: 5156.71 MB used,  2964.57 MB free, 8121.27 MB total
[2018.11.03-05.42.40:698][  0]LogMemory: Virtual Memory: 4642.87 MB used,  2964.57 MB free, 134217728.00 MB total
[2018.11.03-05.42.40:749][  0]LogInit: Overriding language with editor language configuration option (en).
[2018.11.03-05.42.40:749][  0]LogInit: Overriding locale with editor culture configuration option ().
[2018.11.03-05.42.40:750][  0]LogInit: Using OS detected locale (es-PE).
[2018.11.03-05.42.41:621][  0]LogStreaming: Display: Took  0.872s to InitEngineTextLocalization.
[2018.11.03-05.42.41:621][  0]LogInit: Setting process to per monitor DPI aware
[2018.11.03-05.42.41:691][  0]LogSlate: New Slate User Created.  User Index 0, Is Virtual User: 0
[2018.11.03-05.42.41:691][  0]LogSlate: Slate User Registered.  User Index 0, Is Virtual User: 0
[2018.11.03-05.42.42:274][  0]LogHMD: Failed to initialize OpenVR with code 110
[2018.11.03-05.42.42:274][  0]LogD3D11RHI: D3D11 adapters:
[2018.11.03-05.42.42:461][  0]LogD3D11RHI:    0. 'NVIDIA GeForce GTX 1060 6GB' (Feature Level 11_0)
[2018.11.03-05.42.42:461][  0]LogD3D11RHI:       6052/0/4060 MB DedicatedVideo/DedicatedSystem/SharedSystem, Outputs:1, VendorId:0x10de
[2018.11.03-05.42.42:465][  0]LogD3D11RHI:    1. 'Microsoft Basic Render Driver' (Feature Level 11_0)
[2018.11.03-05.42.42:465][  0]LogD3D11RHI:       0/0/4060 MB DedicatedVideo/DedicatedSystem/SharedSystem, Outputs:0, VendorId:0x1414
[2018.11.03-05.42.42:465][  0]LogD3D11RHI: Chosen D3D11 Adapter: 0
[2018.11.03-05.42.42:479][  0]LogD3D11RHI: Creating new Direct3DDevice
[2018.11.03-05.42.42:479][  0]LogD3D11RHI:     GPU DeviceId: 0x1b83 (for the marketing name, search the web for "GPU Device Id")
[2018.11.03-05.42.42:479][  0]LogWindows: EnumDisplayDevices:
[2018.11.03-05.42.42:479][  0]LogWindows:    0. 'NVIDIA GeForce GTX 1060 6GB' (P:1 D:1)
[2018.11.03-05.42.42:480][  0]LogWindows:    1. 'NVIDIA GeForce GTX 1060 6GB' (P:0 D:0)
[2018.11.03-05.42.42:480][  0]LogWindows:    2. 'NVIDIA GeForce GTX 1060 6GB' (P:0 D:0)
[2018.11.03-05.42.42:481][  0]LogWindows:    3. 'NVIDIA GeForce GTX 1060 6GB' (P:0 D:0)
[2018.11.03-05.42.42:481][  0]LogWindows: DebugString: FoundDriverCount:4 
[2018.11.03-05.42.42:481][  0]LogD3D11RHI:     Adapter Name: NVIDIA GeForce GTX 1060 6GB
[2018.11.03-05.42.42:481][  0]LogD3D11RHI:   Driver Version: 416.34 (internal:25.21.14.1634, unified:416.34)
[2018.11.03-05.42.42:481][  0]LogD3D11RHI:      Driver Date: 10-10-2018
[2018.11.03-05.42.42:481][  0]LogRHI: Texture pool is 4236 MB (70% of 6052 MB)
[2018.11.03-05.42.42:600][  0]LogD3D11RHI: Async texture creation enabled
[2018.11.03-05.42.42:686][  0]LogD3D11RHI: GPU Timing Frequency: 1000.000000 (Debug: 2 2)
[2018.11.03-05.42.42:690][  0]LogShaderCompilers: Guid format shader working directory is -28 characters bigger than the processId version (../../../../../../Users/IAN/Desktop/Udemy Unreal/04_BattleTank/BattleTank/Intermediate/Shaders/WorkingDirectory/624/).
[2018.11.03-05.42.42:690][  0]LogShaderCompilers: Cleaned the shader compiler working directory 'C:/Users/IAN/AppData/Local/Temp/UnrealShaderWorkingDir/A750D1CE45C97DFF692213A3990DBCBA/'.
[2018.11.03-05.42.43:511][  0]LogTemp: Display: Loaded TP AllDesktopTargetPlatform
[2018.11.03-05.42.43:549][  0]LogTemp: Display: Loaded TP MacClientTargetPlatform
[2018.11.03-05.42.43:585][  0]LogTemp: Display: Loaded TP MacNoEditorTargetPlatform
[2018.11.03-05.42.43:624][  0]LogTemp: Display: Loaded TP MacServerTargetPlatform
[2018.11.03-05.42.43:662][  0]LogTemp: Display: Loaded TP MacTargetPlatform
[2018.11.03-05.42.43:700][  0]LogTemp: Display: Loaded TP WindowsClientTargetPlatform
[2018.11.03-05.42.43:737][  0]LogTemp: Display: Loaded TP WindowsNoEditorTargetPlatform
[2018.11.03-05.42.43:773][  0]LogTemp: Display: Loaded TP WindowsServerTargetPlatform
[2018.11.03-05.42.43:791][  0]LogTemp: Display: Loaded TP WindowsTargetPlatform
[2018.11.03-05.42.44:029][  0]LogTemp: Display: Loaded TP AndroidTargetPlatform
[2018.11.03-05.42.44:029][  0]LogTemp: Display: Loaded TP AndroidTargetPlatform
[2018.11.03-05.42.44:029][  0]LogTemp: Display: Loaded TP AndroidTargetPlatform
[2018.11.03-05.42.44:029][  0]LogTemp: Display: Loaded TP AndroidTargetPlatform
[2018.11.03-05.42.44:029][  0]LogTemp: Display: Loaded TP AndroidTargetPlatform
[2018.11.03-05.42.44:029][  0]LogTemp: Display: Loaded TP AndroidTargetPlatform
[2018.11.03-05.42.44:029][  0]LogTemp: Display: Loaded TP AndroidTargetPlatform
[2018.11.03-05.42.44:029][  0]LogTemp: Display: Loaded TP AndroidTargetPlatform
[2018.11.03-05.42.44:029][  0]LogTemp: Display: Loaded TP AndroidTargetPlatform
[2018.11.03-05.42.44:029][  0]LogTemp: Display: Loaded TP AndroidTargetPlatform
[2018.11.03-05.42.44:030][  0]LogTemp: Display: Loaded TP AndroidTargetPlatform
[2018.11.03-05.42.44:030][  0]LogTemp: Display: Loaded TP AndroidTargetPlatform
[2018.11.03-05.42.44:030][  0]LogTemp: Display: Loaded TP AndroidTargetPlatform
[2018.11.03-05.42.44:030][  0]LogTemp: Display: Loaded TP AndroidTargetPlatform
[2018.11.03-05.42.44:030][  0]LogTemp: Display: Loaded TP AndroidTargetPlatform
[2018.11.03-05.42.44:030][  0]LogTemp: Display: Loaded TP AndroidTargetPlatform
[2018.11.03-05.42.44:030][  0]LogTemp: Display: Loaded TP AndroidTargetPlatform
[2018.11.03-05.42.44:030][  0]LogTemp: Display: Loaded TP AndroidTargetPlatform
[2018.11.03-05.42.44:034][  0]LogTemp: Display: Loaded TP HTML5TargetPlatform
[2018.11.03-05.42.44:154][  0]LogTemp: Display: Loaded TP IOSTargetPlatform
[2018.11.03-05.42.44:154][  0]LogTemp: Display: Loaded TP IOSTargetPlatform
[2018.11.03-05.42.44:229][  0]LogTemp: Display: Loaded TP TVOSTargetPlatform
[2018.11.03-05.42.44:230][  0]LogTemp: Display: Loaded TP TVOSTargetPlatform
[2018.11.03-05.42.44:271][  0]LogTemp: Display: Loaded TP LinuxClientTargetPlatform
[2018.11.03-05.42.44:308][  0]LogTemp: Display: Loaded TP LinuxNoEditorTargetPlatform
[2018.11.03-05.42.44:344][  0]LogTemp: Display: Loaded TP LinuxServerTargetPlatform
[2018.11.03-05.42.44:378][  0]LogTemp: Display: Loaded TP LinuxTargetPlatform
[2018.11.03-05.42.44:401][  0]LogTemp: Display: Loaded TP LuminTargetPlatform
[2018.11.03-05.42.44:401][  0]LogTargetPlatformManager: Display: Building Assets For Windows
[2018.11.03-05.42.44:567][  0]LogXGEController: Cannot use XGE Controller as Incredibuild is not installed on this machine.
[2018.11.03-05.42.44:567][  0]LogShaderCompilers: Cannot use XGE Shader Compiler as Incredibuild is not installed on this machine.
[2018.11.03-05.42.44:567][  0]LogShaderCompilers: Display: Using Local Shader Compiler.
[2018.11.03-05.42.46:603][  0]LogDerivedDataCache: Display: Max Cache Size: 512 MB
[2018.11.03-05.42.46:702][  0]LogDerivedDataCache: Loaded boot cache 0.10s 71MB C:/Users/IAN/AppData/Local/UnrealEngine/4.20/DerivedDataCache/Boot.ddc.
[2018.11.03-05.42.46:703][  0]LogDerivedDataCache: Display: Loaded Boot cache: C:/Users/IAN/AppData/Local/UnrealEngine/4.20/DerivedDataCache/Boot.ddc
[2018.11.03-05.42.46:703][  0]LogDerivedDataCache: FDerivedDataBackendGraph:  Pak pak cache file ../../../../../../Users/IAN/Desktop/Udemy Unreal/04_BattleTank/BattleTank/DerivedDataCache/DDC.ddp not found, will not use a pak cache.
[2018.11.03-05.42.46:703][  0]LogDerivedDataCache: Unable to find inner node Pak for hierarchical cache Hierarchy.
[2018.11.03-05.42.46:703][  0]LogDerivedDataCache: FDerivedDataBackendGraph:  CompressedPak pak cache file ../../../../../../Users/IAN/Desktop/Udemy Unreal/04_BattleTank/BattleTank/DerivedDataCache/Compressed.ddp not found, will not use a pak cache.
[2018.11.03-05.42.46:703][  0]LogDerivedDataCache: Unable to find inner node CompressedPak for hierarchical cache Hierarchy.
[2018.11.03-05.42.46:743][  0]LogDerivedDataCache: Display: Pak cache opened for reading ../../../Engine/DerivedDataCache/Compressed.ddp.
[2018.11.03-05.42.46:757][  0]LogDerivedDataCache: Using Local data cache path C:/Users/IAN/AppData/Local/UnrealEngine/Common/DerivedDataCache: Writable
[2018.11.03-05.42.46:757][  0]LogDerivedDataCache: Shared data cache path not found in *engine.ini, will not use an Shared cache.
[2018.11.03-05.42.46:757][  0]LogDerivedDataCache: Unable to find inner node Shared for hierarchical cache Hierarchy.
[2018.11.03-05.42.46:804][  0]LogMaterial: Verifying Global Shaders for PCD3D_SM5
[2018.11.03-05.42.46:807][  0]LogSlate: Using FreeType 2.6.0
[2018.11.03-05.42.46:808][  0]LogSlate: SlateFontServices - WITH_FREETYPE: 1, WITH_HARFBUZZ: 1
[2018.11.03-05.42.46:966][  0]LogAssetRegistry: FAssetRegistry took 0.0341 seconds to start up
[2018.11.03-05.42.47:844][  0]LogInit: Selected Device Profile: [Windows]
[2018.11.03-05.42.48:156][  0]LogSimplygon: Simplygon DLL not present - disabling.
[2018.11.03-05.42.48:167][  0]LogMeshReduction: Using SimplygonSwarm for distributed automatic mesh merging
[2018.11.03-05.42.48:167][  0]LogMeshReduction: Using ProxyLODMeshReduction for automatic mesh merging
[2018.11.03-05.42.48:167][  0]LogMeshReduction: Using QuadricMeshReduction for automatic static mesh reduction
[2018.11.03-05.42.48:167][  0]LogMeshReduction: No automatic skeletal mesh reduction module available
[2018.11.03-05.42.48:201][  0]LogNetVersion: BattleTank 1.0.0, NetCL: 4212847, EngineNetVer: 5, GameNetVer: 0 (Checksum: 486398009)
[2018.11.03-05.42.49:347][  0]LogPackageLocalizationCache: Processed 11 localized package path(s) for 1 prioritized culture(s) in 0.160016 seconds
[2018.11.03-05.42.49:361][  0]LogUObjectArray: 38425 objects as part of root set at end of initial load.
[2018.11.03-05.42.49:361][  0]LogUObjectAllocator: 6690864 out of 0 bytes used by permanent object pool.
[2018.11.03-05.42.49:361][  0]LogUObjectArray: CloseDisregardForGC: 0/0 objects in disregard for GC pool
[2018.11.03-05.42.51:529][  0]LogTcpMessaging: Initializing TcpMessaging bridge
[2018.11.03-05.42.51:545][  0]LogUdpMessaging: Initializing bridge on interface 0.0.0.0:0 to multicast group 230.0.0.1:6666.
[2018.11.03-05.42.51:815][  0]SourceControl: Source control is disabled
[2018.11.03-05.42.51:815][  0]SourceControl: Source control is disabled
[2018.11.03-05.42.51:818][  0]SourceControl: Source control is disabled
[2018.11.03-05.42.51:821][  0]SourceControl: Source control is disabled
[2018.11.03-05.42.52:090][  0]LogAndroidPermission: UAndroidPermissionCallbackProxy::GetInstance
[2018.11.03-05.42.52:257][  0]LogOcInput: OculusInput pre-init called
[2018.11.03-05.42.52:408][  0]LogEngine: Initializing Engine...
[2018.11.03-05.42.52:410][  0]LogHMD: Failed to initialize OpenVR with code 110
[2018.11.03-05.42.52:413][  0]LogStats: UGameplayTagsManager::ConstructGameplayTagTree: ImportINI prefixes -  0.000 s
[2018.11.03-05.42.52:413][  0]LogStats: UGameplayTagsManager::ConstructGameplayTagTree: Construct from data asset -  0.000 s
[2018.11.03-05.42.52:414][  0]LogStats: UGameplayTagsManager::ConstructGameplayTagTree: ImportINI -  0.000 s
[2018.11.03-05.42.52:414][  0]LogStats: UGameplayTagsManager::ConstructGameplayTagTree: GameplayTagTreeChangedEvent.Broadcast -  0.000 s
[2018.11.03-05.42.52:835][  0]LogInit: Initializing FReadOnlyCVARCache
[2018.11.03-05.42.52:873][  0]LogAIModule: Creating AISystem for world Untitled
[2018.11.03-05.42.53:014][  0]LogInit: XAudio2 using 'Altavoces (Realtek High Definition Audio)' : 2 channels at 48 kHz using 32 bits per sample (channel mask 0x3)
[2018.11.03-05.42.53:069][  0]LogInit: FAudioDevice initialized.
[2018.11.03-05.42.53:069][  0]LogNetVersion: Set ProjectVersion to 1.0.0.0. Version Checksum will be recalculated on next use.
[2018.11.03-05.42.53:234][  0]LogDerivedDataCache: Saved boot cache 0.16s 71MB C:/Users/IAN/AppData/Local/UnrealEngine/4.20/DerivedDataCache/Boot.ddc.
[2018.11.03-05.42.53:247][  0]LogInit: Texture streaming: Enabled
[2018.11.03-05.42.53:294][  0]LogEngineSessionManager: EngineSessionManager initialized
[2018.11.03-05.42.53:341][  0]LogInit: Transaction tracking system initialized
[2018.11.03-05.42.53:416][  0]BlueprintLog: New page: Editor Load
[2018.11.03-05.42.53:638][  0]LocalizationService: Localization service is disabled
[2018.11.03-05.42.54:233][  0]LogCook: Display: Max memory allowance for cook 16384mb min free memory 0mb
[2018.11.03-05.42.54:234][  0]LogCook: Display: Mobile HDR setting 1
[2018.11.03-05.42.54:238][  0]LogFileCache: Scanning file cache for directory 'C:/Users/IAN/Desktop/Udemy Unreal/04_BattleTank/BattleTank/Content/' took 0.03s
[2018.11.03-05.42.54:238][  0]LogGameplayTags: Display: UGameplayTagsManager::DoneAddingNativeTags. DelegateIsBound: 0
[2018.11.03-05.42.54:238][  0]LogStats: UGameplayTagsManager::ConstructGameplayTagTree: ImportINI prefixes -  0.000 s
[2018.11.03-05.42.54:238][  0]LogStats: UGameplayTagsManager::ConstructGameplayTagTree: Construct from data asset -  0.000 s
[2018.11.03-05.42.54:238][  0]LogStats: UGameplayTagsManager::ConstructGameplayTagTree: ImportINI -  0.000 s
[2018.11.03-05.42.54:238][  0]LogStats: UGameplayTagsManager::ConstructGameplayTagTree: GameplayTagTreeChangedEvent.Broadcast -  0.000 s
[2018.11.03-05.42.54:557][  0]SourceControl: Source control is disabled
[2018.11.03-05.42.54:557][  0]Cmd: MAP LOAD FILE="../../../Engine/Content/Maps/Templates/Template_Default.umap" TEMPLATE=1 SHOWPROGRESS=1 FEATURELEVEL=3
[2018.11.03-05.42.54:558][  0]LightingResults: New page: Lighting Build
[2018.11.03-05.42.54:567][  0]MapCheck: New page: Map Check
[2018.11.03-05.42.54:567][  0]LightingResults: New page: Lighting Build
[2018.11.03-05.42.55:098][  0]LogAIModule: Creating AISystem for world Untitled_1
[2018.11.03-05.42.55:114][  0]LogEditorServer: Finished looking for orphan Actors (0.000 secs)
[2018.11.03-05.42.55:174][  0]Cmd: MAP CHECKDEP NOCLEARLOG
[2018.11.03-05.42.55:363][  0]MapCheck: Map check complete: 0 Error(s), 0 Warning(s), took 189.357ms to complete.
[2018.11.03-05.42.55:363][  0]LogFileHelpers: Loading map 'Template_Default' took 0.806
[2018.11.03-05.42.56:143][  0]LogSlate: Updating window title bar state: overlay mode, drag disabled, window buttons hidden, title bar hidden
[2018.11.03-05.42.56:161][  0]LogSlate: Updating window title bar state: overlay mode, drag disabled, window buttons hidden, title bar hidden
[2018.11.03-05.42.56:178][  0]LogSlate: Updating window title bar state: overlay mode, drag disabled, window buttons hidden, title bar hidden
[2018.11.03-05.42.56:195][  0]LogSlate: Updating window title bar state: overlay mode, drag disabled, window buttons hidden, title bar hidden
[2018.11.03-05.42.56:256][  0]LogCollectionManager: Loaded 0 collections in 0.006086 seconds
[2018.11.03-05.42.56:398][  0]LogFileCache: Scanning file cache for directory 'C:/Users/IAN/Desktop/Udemy Unreal/04_BattleTank/BattleTank/Saved/Collections/' took 0.01s
[2018.11.03-05.42.56:398][  0]LogFileCache: Scanning file cache for directory 'C:/Users/IAN/Desktop/Udemy Unreal/04_BattleTank/BattleTank/Content/Developers/IAN/Collections/' took 0.01s
[2018.11.03-05.42.56:398][  0]LogFileCache: Scanning file cache for directory 'C:/Users/IAN/Desktop/Udemy Unreal/04_BattleTank/BattleTank/Content/Collections/' took 0.01s
[2018.11.03-05.42.56:398][  0]LogCollectionManager: Rebuilt the GUID cache for 0 collections in 0.000000 seconds
[2018.11.03-05.42.56:425][  0]LogContentBrowser: Native class hierarchy populated in 0.0255 seconds. Added 2574 classes and 607 folders.
[2018.11.03-05.42.56:504][  0]LogContentBrowser: Native class hierarchy updated for 'WidgetCarousel' in 0.0010 seconds. Added 0 classes and 0 folders.
[2018.11.03-05.42.57:296][  0]LogContentBrowser: Native class hierarchy updated for 'AddContentDialog' in 0.0010 seconds. Added 0 classes and 0 folders.
[2018.11.03-05.42.57:429][  0]LogSlate: Took 0.000413 seconds to synchronously load lazily loaded font '../../../Engine/Content/Slate/Fonts/Roboto-Regular.ttf' (155K)
[2018.11.03-05.42.57:487][  0]LogSlate: Took 0.000544 seconds to synchronously load lazily loaded font '../../../Engine/Content/Slate/Fonts/Roboto-Bold.ttf' (160K)
[2018.11.03-05.42.57:520][  0]LogSlate: Took 0.009330 seconds to synchronously load lazily loaded font '../../../Engine/Content/Editor/Slate/Fonts/FontAwesome.ttf' (139K)
[2018.11.03-05.42.57:566][  0]LogSlate: Took 0.024059 seconds to synchronously load lazily loaded font '../../../Engine/Content/Slate/Fonts/DroidSansMono.ttf' (77K)
[2018.11.03-05.42.57:923][  0]LogRenderer: Reallocating scene render targets to support 1424x628 Format 10 NumSamples 1 (Frame:1).
[2018.11.03-05.42.58:585][  0]LogContentBrowser: Native class hierarchy updated for 'HierarchicalLODOutliner' in 0.0011 seconds. Added 0 classes and 0 folders.
[2018.11.03-05.42.58:585][  0]LogLoad: (Engine Initialization) Total time: 23.61 seconds
[2018.11.03-05.42.58:586][  0]LogLoad: (Engine Initialization) Total Blueprint compile time: 0.00 seconds
[2018.11.03-05.42.58:619][  0]LogWindowsTextInputMethodSystem: Display: IME system now deactivated.
[2018.11.03-05.42.58:677][  0]LogContentStreaming: Texture pool size now 1000 MB
[2018.11.03-05.42.58:813][  2]LogAssetRegistry: Asset discovery search completed in 11.8712 seconds
[2018.11.03-05.42.58:818][  2]LogCollectionManager: Rebuilt the object cache for 0 collections in 0.000001 seconds (found 0 objects)
[2018.11.03-05.42.58:819][  2]LogCollectionManager: Fixed up redirectors for 0 collections in 0.000508 seconds (updated 0 objects)
[2018.11.03-05.43.01:467][300]LogSlate: FSceneViewport::OnFocusLost() reason 0
[2018.11.03-05.43.02:934][342]LogSlate: Took 0.027278 seconds to synchronously load lazily loaded font '../../../Engine/Content/Slate/Fonts/Roboto-Light.ttf' (167K)
[2018.11.03-05.44.17:731][859]LogAIModule: Creating AISystem for world MainScene
[2018.11.03-05.44.20:588][859]LogSlate: Window 'Delete Assets' being destroyed
[2018.11.03-05.44.20:609][859]LogSlate: Took 0.000542 seconds to synchronously load lazily loaded font '../../../Engine/Content/Slate/Fonts/Roboto-Light.ttf' (167K)
[2018.11.03-05.44.23:908][214]LogSlate: FSceneViewport::OnFocusLost() reason 2
[2018.11.03-05.44.37:633][214]LogSlate: Window 'Save Level As' being destroyed
[2018.11.03-05.44.37:640][214]LogSlate: FSceneViewport::OnFocusLost() reason 3
[2018.11.03-05.44.37:875][214]Cmd: OBJ SAVEPACKAGE PACKAGE="/Game/BattleGround" FILE="../../../../../../Users/IAN/Desktop/Udemy Unreal/04_BattleTank/BattleTank/Content/BattleGround.umap" SILENT=true AUTOSAVING=false KEEPDIRTY=false
[2018.11.03-05.44.37:982][214]LogSavePackage: Moving '../../../../../../Users/IAN/Desktop/Udemy Unreal/04_BattleTank/BattleTank/Saved/BattleGround57216D6C43560DBF342A578690CD3274.tmp' to '../../../../../../Users/IAN/Desktop/Udemy Unreal/04_BattleTank/BattleTank/Content/BattleGround.umap'
[2018.11.03-05.44.38:039][214]Cmd: OBJ SAVEPACKAGE PACKAGE="/Game/BattleGround_BuiltData" FILE="../../../../../../Users/IAN/Desktop/Udemy Unreal/04_BattleTank/BattleTank/Content/BattleGround_BuiltData.uasset" SILENT=true
[2018.11.03-05.44.38:067][214]LogSavePackage: Moving '../../../../../../Users/IAN/Desktop/Udemy Unreal/04_BattleTank/BattleTank/Saved/BattleGround_BuiltData3C127A1D4B707DC01A4357B847944652.tmp' to '../../../../../../Users/IAN/Desktop/Udemy Unreal/04_BattleTank/BattleTank/Content/BattleGround_BuiltData.uasset'
[2018.11.03-05.44.38:079][214]LogFileHelpers: Saving map 'BattleGround' took 0.428
[2018.11.03-05.44.43:915][527]LogSlate: Only BGRA pngs, bmps or icos are supported in by External Image Picker
[2018.11.03-05.44.44:520][530]LogTemp: Executing iPhonePackager certificates Engine -bundlename com.YourCompany.BattleTank
[2018.11.03-05.44.44:520][530]LogTemp: CWD: C:\Program Files\Epic Games\UE_4.20\Engine\Binaries\DotNET\IOS
[2018.11.03-05.44.44:521][530]LogTemp: Initial Dir: C:\Program Files\Epic Games\UE_4.20
[2018.11.03-05.44.44:521][530]LogTemp: Env CWD: C:\Program Files\Epic Games\UE_4.20\Engine\Binaries\DotNET\IOS
[2018.11.03-05.44.44:521][530]LogTemp: BranchPath = DESKTOP-PBR96RA/C/Program Files/Epic Games/UE_4.20/Engine/Binaries --- GameBranchPath = DESKTOP-PBR96RA/C/Program Files/Epic Games/UE_4.20/Engine/Binaries
[2018.11.03-05.44.44:522][530]LogTemp: IPP ERROR: Could not find provision directory 'C:\Users\IAN\AppData\Local/Apple Computer/MobileDevice/Provisioning Profiles/'.
[2018.11.03-05.44.49:661][802]LogEditorViewport: Clicking on Actor (LMB): BP_Sky_Sphere_C (Sky Sphere)
[2018.11.03-05.44.50:276][830]LogSlate: FSceneViewport::OnFocusLost() reason 2
[2018.11.03-05.44.58:230][376]LogSlate: Window 'Project Settings' being destroyed
[2018.11.03-05.44.58:235][376]LogSlate: Window 'Project Settings' being destroyed
[2018.11.03-05.45.06:653][573]LogEditorViewport: Clicking on Actor (LMB): StaticMeshActor (Floor)
[2018.11.03-05.45.07:447][637]Cmd: DELETE
[2018.11.03-05.45.07:447][637]Cmd: ACTOR DELETE
[2018.11.03-05.45.07:534][637]LogEditorActor: Deleted Actor: StaticMeshActor
[2018.11.03-05.45.07:606][637]LogEditorActor: Deleted 1 Actors (0.110 secs)
[2018.11.03-05.45.21:586][828]LogSlate: FSceneViewport::OnFocusLost() reason 2
[2018.11.03-05.45.25:560][136]LogTexture: Display: Building textures: Texture2D_2 (G8, 128X128)
[2018.11.03-05.45.35:937][932]LogTexture: Display: Building textures: Texture2D_0 (BGRA8, 512X512)
[2018.11.03-05.45.35:958][932]LogMaterial: Display: Missing cached shader map for material WorldGridMaterial, compiling. Is special engine material.
[2018.11.03-05.45.42:367][932]LogShaderCompilers: Display: Shaders left to compile 112
[2018.11.03-05.45.42:368][932]LogShaderCompilers: Display: Shaders left to compile 111
[2018.11.03-05.45.42:368][932]LogShaderCompilers: Display: Shaders left to compile 110
[2018.11.03-05.45.42:368][932]LogShaderCompilers: Display: Shaders left to compile 109
[2018.11.03-05.45.42:368][932]LogShaderCompilers: Display: Shaders left to compile 108
[2018.11.03-05.45.42:368][932]LogShaderCompilers: Display: Shaders left to compile 107
[2018.11.03-05.45.42:369][932]LogShaderCompilers: Display: Shaders left to compile 106
[2018.11.03-05.45.42:369][932]LogShaderCompilers: Display: Shaders left to compile 105
[2018.11.03-05.45.42:369][932]LogShaderCompilers: Display: Shaders left to compile 104
[2018.11.03-05.45.42:369][932]LogShaderCompilers: Display: Shaders left to compile 103
[2018.11.03-05.45.42:369][932]LogShaderCompilers: Display: Shaders left to compile 102
[2018.11.03-05.45.42:370][932]LogShaderCompilers: Display: Shaders left to compile 101
[2018.11.03-05.45.42:370][932]LogShaderCompilers: Display: Shaders left to compile 100
[2018.11.03-05.45.42:370][932]LogShaderCompilers: Display: Shaders left to compile 99
[2018.11.03-05.45.42:370][932]LogShaderCompilers: Display: Shaders left to compile 98
[2018.11.03-05.45.42:370][932]LogShaderCompilers: Display: Shaders left to compile 97
[2018.11.03-05.45.42:371][932]LogShaderCompilers: Display: Shaders left to compile 96
[2018.11.03-05.45.42:371][932]LogShaderCompilers: Display: Shaders left to compile 95
[2018.11.03-05.45.42:371][932]LogShaderCompilers: Display: Shaders left to compile 94
[2018.11.03-05.45.42:371][932]LogShaderCompilers: Display: Shaders left to compile 93
[2018.11.03-05.45.42:371][932]LogShaderCompilers: Display: Shaders left to compile 92
[2018.11.03-05.45.42:372][932]LogShaderCompilers: Display: Shaders left to compile 91
[2018.11.03-05.45.42:372][932]LogShaderCompilers: Display: Shaders left to compile 90
[2018.11.03-05.45.42:372][932]LogShaderCompilers: Display: Shaders left to compile 89
[2018.11.03-05.45.42:372][932]LogShaderCompilers: Display: Shaders left to compile 88
[2018.11.03-05.45.42:373][932]LogShaderCompilers: Display: Shaders left to compile 87
[2018.11.03-05.45.42:373][932]LogShaderCompilers: Display: Shaders left to compile 86
[2018.11.03-05.45.42:373][932]LogShaderCompilers: Display: Shaders left to compile 85
[2018.11.03-05.45.42:373][932]LogShaderCompilers: Display: Shaders left to compile 84
[2018.11.03-05.45.42:373][932]LogShaderCompilers: Display: Shaders left to compile 83
[2018.11.03-05.45.42:374][932]LogShaderCompilers: Display: Shaders left to compile 82
[2018.11.03-05.45.42:374][932]LogShaderCompilers: Display: Shaders left to compile 81
[2018.11.03-05.45.42:374][932]LogShaderCompilers: Display: Shaders left to compile 80
[2018.11.03-05.45.42:374][932]LogShaderCompilers: Display: Shaders left to compile 79
[2018.11.03-05.45.42:375][932]LogShaderCompilers: Display: Shaders left to compile 78
[2018.11.03-05.45.42:375][932]LogShaderCompilers: Display: Shaders left to compile 77
[2018.11.03-05.45.42:375][932]LogShaderCompilers: Display: Shaders left to compile 76
[2018.11.03-05.45.42:375][932]LogShaderCompilers: Display: Shaders left to compile 75
[2018.11.03-05.45.42:375][932]LogShaderCompilers: Display: Shaders left to compile 74
[2018.11.03-05.45.42:376][932]LogShaderCompilers: Display: Shaders left to compile 73
[2018.11.03-05.45.42:376][932]LogShaderCompilers: Display: Shaders left to compile 72
[2018.11.03-05.45.42:376][932]LogShaderCompilers: Display: Shaders left to compile 71
[2018.11.03-05.45.42:376][932]LogShaderCompilers: Display: Shaders left to compile 70
[2018.11.03-05.45.42:376][932]LogShaderCompilers: Display: Shaders left to compile 69
[2018.11.03-05.45.42:377][932]LogShaderCompilers: Display: Shaders left to compile 68
[2018.11.03-05.45.42:377][932]LogShaderCompilers: Display: Shaders left to compile 67
[2018.11.03-05.45.42:377][932]LogShaderCompilers: Display: Shaders left to compile 66
[2018.11.03-05.45.42:377][932]LogShaderCompilers: Display: Shaders left to compile 65
[2018.11.03-05.45.42:378][932]LogShaderCompilers: Display: Shaders left to compile 64
[2018.11.03-05.45.42:378][932]LogShaderCompilers: Display: Shaders left to compile 63
[2018.11.03-05.45.42:378][932]LogShaderCompilers: Display: Shaders left to compile 62
[2018.11.03-05.45.42:378][932]LogShaderCompilers: Display: Shaders left to compile 61
[2018.11.03-05.45.42:378][932]LogShaderCompilers: Display: Shaders left to compile 60
[2018.11.03-05.45.42:379][932]LogShaderCompilers: Display: Shaders left to compile 59
[2018.11.03-05.45.42:379][932]LogShaderCompilers: Display: Shaders left to compile 58
[2018.11.03-05.45.42:379][932]LogShaderCompilers: Display: Shaders left to compile 57
[2018.11.03-05.45.42:379][932]LogShaderCompilers: Display: Shaders left to compile 56
[2018.11.03-05.45.42:379][932]LogShaderCompilers: Display: Shaders left to compile 55
[2018.11.03-05.45.42:380][932]LogShaderCompilers: Display: Shaders left to compile 54
[2018.11.03-05.45.42:380][932]LogShaderCompilers: Display: Shaders left to compile 53
[2018.11.03-05.45.42:380][932]LogShaderCompilers: Display: Shaders left to compile 52
[2018.11.03-05.45.42:380][932]LogShaderCompilers: Display: Shaders left to compile 51
[2018.11.03-05.45.42:380][932]LogShaderCompilers: Display: Shaders left to compile 50
[2018.11.03-05.45.42:381][932]LogShaderCompilers: Display: Shaders left to compile 49
[2018.11.03-05.45.42:381][932]LogShaderCompilers: Display: Shaders left to compile 48
[2018.11.03-05.45.42:381][932]LogShaderCompilers: Display: Shaders left to compile 47
[2018.11.03-05.45.42:381][932]LogShaderCompilers: Display: Shaders left to compile 46
[2018.11.03-05.45.42:382][932]LogShaderCompilers: Display: Shaders left to compile 45
[2018.11.03-05.45.42:382][932]LogShaderCompilers: Display: Shaders left to compile 44
[2018.11.03-05.45.42:382][932]LogShaderCompilers: Display: Shaders left to compile 43
[2018.11.03-05.45.42:382][932]LogShaderCompilers: Display: Shaders left to compile 42
[2018.11.03-05.45.42:382][932]LogShaderCompilers: Display: Shaders left to compile 41
[2018.11.03-05.45.42:383][932]LogShaderCompilers: Display: Shaders left to compile 40
[2018.11.03-05.45.42:383][932]LogShaderCompilers: Display: Shaders left to compile 39
[2018.11.03-05.45.42:383][932]LogShaderCompilers: Display: Shaders left to compile 38
[2018.11.03-05.45.42:383][932]LogShaderCompilers: Display: Shaders left to compile 37
[2018.11.03-05.45.42:384][932]LogShaderCompilers: Display: Shaders left to compile 36
[2018.11.03-05.45.42:384][932]LogShaderCompilers: Display: Shaders left to compile 35
[2018.11.03-05.45.42:384][932]LogShaderCompilers: Display: Shaders left to compile 34
[2018.11.03-05.45.42:384][932]LogShaderCompilers: Display: Shaders left to compile 33
[2018.11.03-05.45.42:385][932]LogShaderCompilers: Display: Shaders left to compile 32
[2018.11.03-05.45.42:385][932]LogShaderCompilers: Display: Shaders left to compile 31
[2018.11.03-05.45.42:385][932]LogShaderCompilers: Display: Shaders left to compile 30
[2018.11.03-05.45.42:385][932]LogShaderCompilers: Display: Shaders left to compile 29
[2018.11.03-05.45.42:385][932]LogShaderCompilers: Display: Shaders left to compile 28
[2018.11.03-05.45.42:386][932]LogShaderCompilers: Display: Shaders left to compile 27
[2018.11.03-05.45.42:386][932]LogShaderCompilers: Display: Shaders left to compile 26
[2018.11.03-05.45.42:386][932]LogShaderCompilers: Display: Shaders left to compile 25
[2018.11.03-05.45.42:386][932]LogShaderCompilers: Display: Shaders left to compile 24
[2018.11.03-05.45.42:386][932]LogShaderCompilers: Display: Shaders left to compile 23
[2018.11.03-05.45.42:387][932]LogShaderCompilers: Display: Shaders left to compile 22
[2018.11.03-05.45.42:387][932]LogShaderCompilers: Display: Shaders left to compile 21
[2018.11.03-05.45.42:387][932]LogShaderCompilers: Display: Shaders left to compile 20
[2018.11.03-05.45.42:387][932]LogShaderCompilers: Display: Shaders left to compile 19
[2018.11.03-05.45.42:387][932]LogShaderCompilers: Display: Shaders left to compile 18
[2018.11.03-05.45.42:388][932]LogShaderCompilers: Display: Shaders left to compile 17
[2018.11.03-05.45.42:388][932]LogShaderCompilers: Display: Shaders left to compile 16
[2018.11.03-05.45.42:388][932]LogShaderCompilers: Display: Shaders left to compile 15
[2018.11.03-05.45.42:388][932]LogShaderCompilers: Display: Shaders left to compile 14
[2018.11.03-05.45.42:388][932]LogShaderCompilers: Display: Shaders left to compile 13
[2018.11.03-05.45.42:389][932]LogShaderCompilers: Display: Shaders left to compile 12
[2018.11.03-05.45.42:389][932]LogShaderCompilers: Display: Shaders left to compile 11
[2018.11.03-05.45.42:389][932]LogShaderCompilers: Display: Shaders left to compile 10
[2018.11.03-05.45.42:389][932]LogShaderCompilers: Display: Shaders left to compile 9
[2018.11.03-05.45.42:389][932]LogShaderCompilers: Display: Shaders left to compile 8
[2018.11.03-05.45.42:390][932]LogShaderCompilers: Display: Shaders left to compile 7
[2018.11.03-05.45.42:390][932]LogShaderCompilers: Display: Shaders left to compile 6
[2018.11.03-05.45.42:390][932]LogShaderCompilers: Display: Shaders left to compile 5
[2018.11.03-05.45.42:390][932]LogShaderCompilers: Display: Shaders left to compile 4
[2018.11.03-05.45.42:391][932]LogShaderCompilers: Display: Shaders left to compile 3
[2018.11.03-05.45.42:391][932]LogShaderCompilers: Display: Shaders left to compile 2
[2018.11.03-05.45.42:391][932]LogShaderCompilers: Display: Shaders left to compile 1
[2018.11.03-05.45.56:822][477]Cmd: TRANSACTION UNDO
[2018.11.03-05.45.56:822][477]LogEditorTransaction: Undo Landscape Editing: Sculpt
[2018.11.03-05.46.01:129][881]Cmd: TRANSACTION UNDO
[2018.11.03-05.46.01:129][881]LogEditorTransaction: Undo Landscape Editing: Sculpt
[2018.11.03-05.46.03:518][ 87]Cmd: TRANSACTION UNDO
[2018.11.03-05.46.03:518][ 87]LogEditorTransaction: Undo Landscape Editing: Sculpt
[2018.11.03-05.46.06:321][350]Cmd: TRANSACTION UNDO
[2018.11.03-05.46.06:321][350]LogEditorTransaction: Undo Landscape Editing: Sculpt
[2018.11.03-05.46.14:818][184]Cmd: TRANSACTION UNDO
[2018.11.03-05.46.14:818][184]LogEditorTransaction: Undo Landscape Editing: Sculpt
[2018.11.03-05.46.28:023][373]LogSlate: FSceneViewport::OnFocusLost() reason 2
[2018.11.03-05.46.59:307][711]LogSlate: FSceneViewport::OnFocusLost() reason 2
[2018.11.03-05.47.03:729][197]LogTexture: Display: Building textures: Texture2D_1 (BGRA8, 64X64)
[2018.11.03-05.47.05:739][415]LogSlate: FSceneViewport::OnFocusLost() reason 0
[2018.11.03-05.47.07:809][647]LogTexture: Display: Building textures: Texture2D_2 (BGRA8, 64X64)
[2018.11.03-05.47.07:823][647]LogTexture: Display: Building textures: Texture2D_2 (BGRA8, 64X64)
[2018.11.03-05.47.11:208][800]LogSlate: FSceneViewport::OnFocusLost() reason 0
[2018.11.03-05.47.16:525][364]LogEditorActor: Deleted Actor: Landscape
[2018.11.03-05.47.16:687][364]LogEditorActor: Deleted 1 Actors (0.174 secs)
[2018.11.03-05.47.30:013][882]LogTexture: Display: Building textures: Texture2D_3 (G8, 128X128)
[2018.11.03-05.47.54:718][807]LogRenderer: Reallocating scene render targets to support 1424x636 Format 10 NumSamples 1 (Frame:10828).
[2018.11.03-05.47.54:787][808]LogRenderer: Reallocating scene render targets to support 1424x644 Format 10 NumSamples 1 (Frame:10830).
[2018.11.03-05.47.54:863][809]LogRenderer: Reallocating scene render targets to support 1424x648 Format 10 NumSamples 1 (Frame:10832).
[2018.11.03-05.48.09:396][628]LogTexture: Display: Building textures: Texture2D_3 (BGRA8, 512X512)
[2018.11.03-05.48.13:393][ 11]LogSlate: FSceneViewport::OnFocusLost() reason 2
[2018.11.03-05.48.15:901][287]LogSlate: FSceneViewport::OnFocusLost() reason 0
[2018.11.03-05.49.08:396][100]LogSlate: FSceneViewport::OnFocusLost() reason 0
[2018.11.03-05.49.21:501][302]LogSlate: FSceneViewport::OnFocusLost() reason 2
[2018.11.03-05.49.24:039][579]LogSlate: FSceneViewport::OnFocusLost() reason 2
[2018.11.03-05.49.42:558][387]LogSlate: FSceneViewport::OnFocusLost() reason 2
[2018.11.03-05.49.52:297][281]LogSlate: FSceneViewport::OnFocusLost() reason 0
[2018.11.03-05.50.02:923][304]LogSlate: FSceneViewport::OnFocusLost() reason 2
[2018.11.03-05.50.10:000][  5]LogSlate: FSceneViewport::OnFocusLost() reason 0
[2018.11.03-05.50.13:414][305]LogSlate: FSceneViewport::OnFocusLost() reason 0
[2018.11.03-05.50.23:129][196]LogSlate: FSceneViewport::OnFocusLost() reason 0
[2018.11.03-05.50.33:075][ 90]LogSlate: FSceneViewport::OnFocusLost() reason 0
[2018.11.03-05.50.39:278][662]LogSlate: FSceneViewport::OnFocusLost() reason 0
[2018.11.03-05.51.03:806][871]LogSlate: FSceneViewport::OnFocusLost() reason 0
[2018.11.03-05.51.35:161][689]LogSlate: FSceneViewport::OnFocusLost() reason 2
[2018.11.03-05.51.49:382][456]LogSlate: FSceneViewport::OnFocusLost() reason 2
[2018.11.03-05.51.53:150][709]LogSlate: FSceneViewport::OnFocusLost() reason 2
[2018.11.03-05.51.56:640][ 10]LogSlate: FSceneViewport::OnFocusLost() reason 2
[2018.11.03-05.52.23:650][579]LogSlate: FSceneViewport::OnFocusLost() reason 0
[2018.11.03-05.52.32:709][150]LogSlate: FSceneViewport::OnFocusLost() reason 2
[2018.11.03-05.52.38:286][607]LogSlate: FSceneViewport::OnFocusLost() reason 0
[2018.11.03-05.52.53:491][269]LogSlate: FSceneViewport::OnFocusLost() reason 2
[2018.11.03-05.52.58:387][688]Cmd: TRANSACTION UNDO
[2018.11.03-05.52.58:387][688]LogEditorTransaction: Undo Landscape Editing: Noise
[2018.11.03-05.52.58:452][688]LogTexture: Display: Building textures: Texture2D_3 (BGRA8, 512X512)
[2018.11.03-05.53.02:199][960]Cmd: TRANSACTION UNDO
[2018.11.03-05.53.02:200][960]LogEditorTransaction: Undo Landscape Editing: Noise
[2018.11.03-05.53.02:249][960]LogTexture: Display: Building textures: Texture2D_3 (BGRA8, 512X512)
[2018.11.03-05.53.02:824][996]Cmd: TRANSACTION UNDO
[2018.11.03-05.53.02:825][996]LogEditorTransaction: Undo Landscape Editing: Noise
[2018.11.03-05.53.02:867][996]LogTexture: Display: Building textures: Texture2D_3 (BGRA8, 512X512)
[2018.11.03-05.53.03:669][ 56]LogSlate: FSceneViewport::OnFocusLost() reason 2
[2018.11.03-05.53.05:338][192]LogTexture: Display: Building textures: Texture2D_4 (BGRA8, 64X64)
[2018.11.03-05.53.05:348][192]LogTexture: Display: Building textures: Texture2D_5 (BGRA8, 64X64)
[2018.11.03-05.53.05:366][192]LogTexture: Display: Building textures: Texture2D_6 (BGRA8, 64X64)
[2018.11.03-05.53.05:384][192]LogTexture: Display: Building textures: Texture2D_7 (BGRA8, 64X64)
[2018.11.03-05.53.05:402][192]LogTexture: Display: Building textures: Texture2D_8 (BGRA8, 64X64)
[2018.11.03-05.53.05:425][192]LogTexture: Display: Building textures: Texture2D_9 (BGRA8, 64X64)
[2018.11.03-05.53.05:456][192]LogTexture: Display: Building textures: Texture2D_10 (BGRA8, 64X64)
[2018.11.03-05.53.05:478][192]LogTexture: Display: Building textures: Texture2D_11 (BGRA8, 64X64)
[2018.11.03-05.53.05:501][192]LogTexture: Display: Building textures: Texture2D_12 (BGRA8, 64X64)
[2018.11.03-05.53.05:515][192]LogTexture: Display: Building textures: Texture2D_13 (BGRA8, 64X64)
[2018.11.03-05.53.05:528][192]LogTexture: Display: Building textures: Texture2D_14 (BGRA8, 64X64)
[2018.11.03-05.53.05:549][192]LogTexture: Display: Building textures: Texture2D_15 (BGRA8, 64X64)
[2018.11.03-05.53.08:037][299]LogTexture: Display: Building textures: Texture2D_16 (BGRA8, 64X64)
[2018.11.03-05.53.08:050][299]LogTexture: Display: Building textures: Texture2D_17 (BGRA8, 64X64)
[2018.11.03-05.53.08:063][299]LogTexture: Display: Building textures: Texture2D_18 (BGRA8, 64X64)
[2018.11.03-05.53.20:712][497]LogSlate: FSceneViewport::OnFocusLost() reason 2
[2018.11.03-05.53.24:214][870]LogSlate: FSceneViewport::OnFocusLost() reason 2
[2018.11.03-05.53.26:073][870]LogSlate: Window 'Message' being destroyed
[2018.11.03-05.53.27:590][ 32]LogSlate: FSceneViewport::OnFocusLost() reason 2
[2018.11.03-05.53.29:184][202]LogTexture: Display: Building textures: Texture2D_19 (G8, 64X64)
[2018.11.03-05.53.29:194][202]LogTexture: Display: Building textures: Texture2D_20 (G8, 64X64)
[2018.11.03-05.53.29:210][202]LogTexture: Display: Building textures: Texture2D_21 (G8, 64X64)
[2018.11.03-05.53.29:238][202]LogTexture: Display: Building textures: Texture2D_22 (G8, 64X64)
[2018.11.03-05.53.29:250][202]LogTexture: Display: Building textures: Texture2D_23 (G8, 64X64)
[2018.11.03-05.53.29:274][202]LogTexture: Display: Building textures: Texture2D_24 (G8, 64X64)
[2018.11.03-05.53.29:286][202]LogTexture: Display: Building textures: Texture2D_25 (G8, 64X64)
[2018.11.03-05.53.29:298][202]LogTexture: Display: Building textures: Texture2D_26 (G8, 64X64)
[2018.11.03-05.53.29:311][202]LogTexture: Display: Building textures: Texture2D_27 (G8, 64X64)
[2018.11.03-05.53.29:325][202]LogTexture: Display: Building textures: Texture2D_28 (G8, 64X64)
[2018.11.03-05.53.29:363][202]LogTexture: Display: Building textures: Texture2D_29 (G8, 64X64)
[2018.11.03-05.53.29:369][202]LogTexture: Display: Building textures: Texture2D_30 (G8, 64X64)
[2018.11.03-05.53.29:381][202]LogTexture: Display: Building textures: Texture2D_31 (G8, 64X64)
[2018.11.03-05.53.29:393][202]LogTexture: Display: Building textures: Texture2D_32 (G8, 64X64)
[2018.11.03-05.53.29:430][202]LogTexture: Display: Building textures: Texture2D_33 (G8, 64X64)
[2018.11.03-05.53.29:436][202]LogTexture: Display: Building textures: Texture2D_34 (G8, 64X64)
[2018.11.03-05.53.29:490][203]LogTexture: Display: Building textures: Texture2D_35 (G8, 64X64)
[2018.11.03-05.53.29:501][203]LogTexture: Display: Building textures: Texture2D_36 (G8, 64X64)
[2018.11.03-05.53.29:513][203]LogTexture: Display: Building textures: Texture2D_37 (G8, 64X64)
[2018.11.03-05.53.31:701][404]Cmd: TRANSACTION UNDO
[2018.11.03-05.53.31:702][404]LogEditorTransaction: Undo Landscape Editing: Region Selection
[2018.11.03-05.53.32:393][428]LogSlate: FSceneViewport::OnFocusLost() reason 2
[2018.11.03-05.53.37:664][909]Cmd: TRANSACTION UNDO
[2018.11.03-05.53.37:664][909]LogEditorTransaction: Undo Actor Movement
[2018.11.03-05.53.38:955][  3]LogSlate: FSceneViewport::OnFocusLost() reason 2
[2018.11.03-05.53.44:263][502]Cmd: TRANSACTION UNDO
[2018.11.03-05.53.44:263][502]LogEditorTransaction: Undo Move Actors
[2018.11.03-05.53.46:883][719]LogSlate: FSceneViewport::OnFocusLost() reason 0
[2018.11.03-05.53.50:587][945]Cmd: TRANSACTION UNDO
[2018.11.03-05.53.50:587][945]LogEditorTransaction: Undo Landscape Editing: Noise
[2018.11.03-05.53.50:625][945]LogTexture: Display: Building textures: Texture2D_16 (BGRA8, 64X64)
[2018.11.03-05.53.50:639][945]LogTexture: Display: Building textures: Texture2D_7 (BGRA8, 64X64)
[2018.11.03-05.53.50:653][945]LogTexture: Display: Building textures: Texture2D_17 (BGRA8, 64X64)
[2018.11.03-05.53.50:682][945]LogTexture: Display: Building textures: Texture2D_10 (BGRA8, 64X64)
[2018.11.03-05.53.50:701][945]LogTexture: Display: Building textures: Texture2D_18 (BGRA8, 64X64)
[2018.11.03-05.53.50:724][945]LogTexture: Display: Building textures: Texture2D_13 (BGRA8, 64X64)
[2018.11.03-05.53.50:750][945]LogTexture: Display: Building textures: Texture2D_3 (BGRA8, 512X512)
[2018.11.03-05.53.50:866][945]LogTexture: Display: Building textures: Texture2D_4 (BGRA8, 64X64)
[2018.11.03-05.53.55:480][269]LogSlate: FSceneViewport::OnFocusLost() reason 2
[2018.11.03-05.53.58:233][534]LogSlate: FSceneViewport::OnFocusLost() reason 0
[2018.11.03-05.54.11:580][636]LogSlate: FSceneViewport::OnFocusLost() reason 0
[2018.11.03-05.54.17:162][ 60]Cmd: TRANSACTION UNDO
[2018.11.03-05.54.17:162][ 60]LogEditorTransaction: Undo Landscape Editing: Mirror Landscape
[2018.11.03-05.54.17:701][ 60]LogTexture: Display: Building textures: Texture2D_8 (BGRA8, 64X64)
[2018.11.03-05.54.17:745][ 60]LogTexture: Display: Building textures: Texture2D_11 (BGRA8, 64X64)
[2018.11.03-05.54.17:770][ 60]LogTexture: Display: Building textures: Texture2D_9 (BGRA8, 64X64)
[2018.11.03-05.54.17:806][ 60]LogTexture: Display: Building textures: Texture2D_12 (BGRA8, 64X64)
[2018.11.03-05.54.17:830][ 60]LogTexture: Display: Building textures: Texture2D_6 (BGRA8, 64X64)
[2018.11.03-05.54.17:857][ 60]LogTexture: Display: Building textures: Texture2D_5 (BGRA8, 64X64)
[2018.11.03-05.54.17:907][ 60]LogTexture: Display: Building textures: Texture2D_3 (BGRA8, 512X512)
[2018.11.03-05.54.18:073][ 60]LogTexture: Display: Building textures: Texture2D_14 (BGRA8, 64X64)
[2018.11.03-05.54.18:149][ 60]LogTexture: Display: Building textures: Texture2D_15 (BGRA8, 64X64)
[2018.11.03-05.54.19:205][129]LogSlate: FSceneViewport::OnFocusLost() reason 0
[2018.11.03-05.54.23:736][534]LogSlate: FSceneViewport::OnFocusLost() reason 2
[2018.11.03-05.54.31:787][221]LogSlate: FSceneViewport::OnFocusLost() reason 0
[2018.11.03-05.54.39:479][821]LogSlate: FSceneViewport::OnFocusLost() reason 0
[2018.11.03-05.54.41:212][973]LogSlate: FSceneViewport::OnFocusLost() reason 0
[2018.11.03-05.54.47:722][476]Cmd: CAMERA ALIGN ACTIVEVIEWPORTONLY
[2018.11.03-05.54.47:722][476]Can't find target actor or component.
[2018.11.03-05.54.52:041][817]LogSlate: FSceneViewport::OnFocusLost() reason 0
[2018.11.03-05.54.53:044][901]LogSlate: FSceneViewport::OnFocusLost() reason 0
[2018.11.03-05.55.02:108][736]Cmd: TRANSACTION UNDO
[2018.11.03-05.55.02:108][736]LogEditorTransaction: Undo Move Actors
[2018.11.03-05.55.04:670][986]LogSlate: FSceneViewport::OnFocusLost() reason 0
[2018.11.03-05.55.11:693][657]LogSlate: FSceneViewport::OnFocusLost() reason 0
[2018.11.03-05.55.21:157][507]LogSlate: FSceneViewport::OnFocusLost() reason 0
[2018.11.03-05.55.26:194][968]LogEditorActor: Deleted Actor: Landscape
[2018.11.03-05.55.26:352][968]LogEditorActor: Deleted 1 Actors (0.170 secs)
[2018.11.03-05.55.28:807][239]Cmd: OBJ SAVEPACKAGE PACKAGE="/Game/BattleGround" FILE="../../../../../../Users/IAN/Desktop/Udemy Unreal/04_BattleTank/BattleTank/Content/BattleGround.umap" SILENT=true AUTOSAVING=false KEEPDIRTY=false
[2018.11.03-05.55.28:924][239]LogSavePackage: Moving '../../../../../../Users/IAN/Desktop/Udemy Unreal/04_BattleTank/BattleTank/Saved/BattleGround8B30B9464EB957FEB56CC58FCC3EC5F9.tmp' to '../../../../../../Users/IAN/Desktop/Udemy Unreal/04_BattleTank/BattleTank/Content/BattleGround.umap'
[2018.11.03-05.55.28:979][239]Cmd: OBJ SAVEPACKAGE PACKAGE="/Game/BattleGround_BuiltData" FILE="../../../../../../Users/IAN/Desktop/Udemy Unreal/04_BattleTank/BattleTank/Content/BattleGround_BuiltData.uasset" SILENT=true
[2018.11.03-05.55.29:010][239]LogSavePackage: Moving '../../../../../../Users/IAN/Desktop/Udemy Unreal/04_BattleTank/BattleTank/Saved/BattleGround_BuiltDataF9C9D14641805D8A6FA58CA077547959.tmp' to '../../../../../../Users/IAN/Desktop/Udemy Unreal/04_BattleTank/BattleTank/Content/BattleGround_BuiltData.uasset'
[2018.11.03-05.55.32:200][615]LogSlate: FSceneViewport::OnFocusLost() reason 0
